=cut
Checking reply:
Does the ev3 path exist? (BEGIN_DOWNLOAD was refused [ret=9])
C:\Users\a3f\Documents\GitHub\ev3_cp>make
gcc build/main.o build/cmd_defaults.o  -m32 -std=c11 -Wall -Wextra -fdiagnostics
-color=auto -Llib/ -lhidapi  -o ev3_cp

C:\Users\a3f\Documents\GitHub\ev3_cp>ev3_cp Test_Sensor2 ../prjs/SD_Card/Test_Se
nsor2
Manufacturer String: LEGO Group
Product String: EV3
Serial Number String: 00165341ef32

Attempting file upload (67192b total; 68 chunks):
0: 1000 bytes read.
1: 1000 bytes read.
2: 1000 bytes read.
3: 1000 bytes read.
4: 1000 bytes read.
5: 1000 bytes read.
6: 1000 bytes read.
7: 1000 bytes read.
8: 1000 bytes read.
9: 1000 bytes read.
10: 1000 bytes read.
11: 1000 bytes read.
12: 1000 bytes read.
13: 1000 bytes read.
14: 1000 bytes read.
15: 1000 bytes read.
16: 1000 bytes read.
17: 1000 bytes read.
18: 1000 bytes read.
19: 1000 bytes read.
20: 1000 bytes read.
21: 1000 bytes read.
22: 1000 bytes read.
23: 1000 bytes read.
24: 1000 bytes read.
25: 1000 bytes read.
26: 1000 bytes read.
27: 1000 bytes read.
28: 1000 bytes read.
29: 1000 bytes read.
30: 1000 bytes read.
31: 1000 bytes read.
32: 1000 bytes read.
33: 1000 bytes read.
34: 1000 bytes read.
35: 1000 bytes read.
36: 1000 bytes read.
37: 1000 bytes read.
38: 1000 bytes read.
39: 1000 bytes read.
40: 1000 bytes read.
41: 1000 bytes read.
42: 1000 bytes read.
43: 1000 bytes read.
44: 1000 bytes read.
45: 1000 bytes read.
46: 1000 bytes read.
47: 1000 bytes read.
48: 1000 bytes read.
49: 1000 bytes read.
50: 1000 bytes read.
51: 1000 bytes read.
52: 1000 bytes read.
53: 1000 bytes read.
54: 1000 bytes read.
55: 1000 bytes read.
56: 1000 bytes read.
57: 1000 bytes read.
58: 1000 bytes read.
59: 1000 bytes read.
60: 1000 bytes read.
61: 1000 bytes read.
62: 1000 bytes read.
63: 1000 bytes read.
64: 1000 bytes read.
65: 1000 bytes read.
66: 1000 bytes read.
67: 192 bytes read.
=BEGIN_DOWNLOAD
00 25 00 00 00 01 92 78 06 01 00 2e 2e 2f 70 72 6a 73 2f 53 44 5f 43 61 72 64 2f
 54 65 73 74 5f 53 65 6e 73 6f 72 32 00
=cut
Checking reply:
=BEGIN_DOWNLOAD_REPLY
06 00 00 00 03 92 00 05

current handle is 5
=cut
=CONTINUE_DOWNLOAD_REPLY(chunk=0, data=1000b)
06 00 00 00 03 93 00 05 30
=cut
=CONTINUE_DOWNLOAD_REPLY(chunk=1, data=1000b)
06 00 00 00 03 93 00 05 30
=cut
=CONTINUE_DOWNLOAD_REPLY(chunk=2, data=1000b)
06 00 00 00 03 93 00 05 30
=cut
=CONTINUE_DOWNLOAD_REPLY(chunk=3, data=1000b)
06 00 00 00 03 93 00 05 30
=cut
=CONTINUE_DOWNLOAD_REPLY(chunk=4, data=1000b)
06 00 00 00 03 93 00 05 30
=cut
=CONTINUE_DOWNLOAD_REPLY(chunk=5, data=1000b)
06 00 00 00 03 93 00 05 30
=cut
=CONTINUE_DOWNLOAD_REPLY(chunk=6, data=1000b)
06 00 00 00 03 93 00 05 30
=cut
=CONTINUE_DOWNLOAD_REPLY(chunk=7, data=1000b)
06 00 00 00 03 93 00 05 30
=cut
=CONTINUE_DOWNLOAD_REPLY(chunk=8, data=1000b)
06 00 00 00 03 93 00 05 30
=cut
=CONTINUE_DOWNLOAD_REPLY(chunk=9, data=1000b)
06 00 00 00 03 93 00 05 30
=cut
=CONTINUE_DOWNLOAD_REPLY(chunk=10, data=1000b)
06 00 00 00 03 93 00 05 30
=cut
=CONTINUE_DOWNLOAD_REPLY(chunk=11, data=1000b)
06 00 00 00 03 93 00 05 30
=cut
=CONTINUE_DOWNLOAD_REPLY(chunk=12, data=1000b)
06 00 00 00 03 93 00 05 30
=cut
=CONTINUE_DOWNLOAD_REPLY(chunk=13, data=1000b)
06 00 00 00 03 93 00 05 30
=cut
=CONTINUE_DOWNLOAD_REPLY(chunk=14, data=1000b)
06 00 00 00 03 93 00 05 30
=cut
=CONTINUE_DOWNLOAD_REPLY(chunk=15, data=1000b)
06 00 00 00 03 93 00 05 30
=cut
=CONTINUE_DOWNLOAD_REPLY(chunk=16, data=1000b)
06 00 00 00 03 93 00 05 30
=cut
=CONTINUE_DOWNLOAD_REPLY(chunk=17, data=1000b)
06 00 00 00 03 93 00 05 30
=cut
=CONTINUE_DOWNLOAD_REPLY(chunk=18, data=1000b)
06 00 00 00 03 93 00 05 30
=cut
=CONTINUE_DOWNLOAD_REPLY(chunk=19, data=1000b)
06 00 00 00 03 93 00 05 30
=cut
=CONTINUE_DOWNLOAD_REPLY(chunk=20, data=1000b)
06 00 00 00 03 93 00 05 30
=cut
=CONTINUE_DOWNLOAD_REPLY(chunk=21, data=1000b)
06 00 00 00 03 93 00 05 30
=cut
=CONTINUE_DOWNLOAD_REPLY(chunk=22, data=1000b)
06 00 00 00 03 93 00 05 30
=cut
=CONTINUE_DOWNLOAD_REPLY(chunk=23, data=1000b)
06 00 00 00 03 93 00 05 30
=cut
=CONTINUE_DOWNLOAD_REPLY(chunk=24, data=1000b)
06 00 00 00 03 93 00 05 30
=cut
=CONTINUE_DOWNLOAD_REPLY(chunk=25, data=1000b)
06 00 00 00 03 93 00 05 30
=cut
=CONTINUE_DOWNLOAD_REPLY(chunk=26, data=1000b)
06 00 00 00 03 93 00 05 30
=cut
=CONTINUE_DOWNLOAD_REPLY(chunk=27, data=1000b)
06 00 00 00 03 93 00 05 30
=cut
=CONTINUE_DOWNLOAD_REPLY(chunk=28, data=1000b)
06 00 00 00 03 93 00 05 30
=cut
=CONTINUE_DOWNLOAD_REPLY(chunk=29, data=1000b)
06 00 00 00 03 93 00 05 30
=cut
=CONTINUE_DOWNLOAD_REPLY(chunk=30, data=1000b)
06 00 00 00 03 93 00 05 30
=cut
=CONTINUE_DOWNLOAD_REPLY(chunk=31, data=1000b)
06 00 00 00 03 93 00 05 30
=cut
=CONTINUE_DOWNLOAD_REPLY(chunk=32, data=1000b)
06 00 00 00 03 93 00 05 30
=cut
=CONTINUE_DOWNLOAD_REPLY(chunk=33, data=1000b)
06 00 00 00 03 93 00 05 30
=cut
=CONTINUE_DOWNLOAD_REPLY(chunk=34, data=1000b)
06 00 00 00 03 93 00 05 30
=cut
=CONTINUE_DOWNLOAD_REPLY(chunk=35, data=1000b)
06 00 00 00 03 93 00 05 30
=cut
=CONTINUE_DOWNLOAD_REPLY(chunk=36, data=1000b)
06 00 00 00 03 93 00 05 30
=cut
=CONTINUE_DOWNLOAD_REPLY(chunk=37, data=1000b)
06 00 00 00 03 93 00 05 30
=cut
=CONTINUE_DOWNLOAD_REPLY(chunk=38, data=1000b)
06 00 00 00 03 93 00 05 30
=cut
=CONTINUE_DOWNLOAD_REPLY(chunk=39, data=1000b)
06 00 00 00 03 93 00 05 30
=cut
=CONTINUE_DOWNLOAD_REPLY(chunk=40, data=1000b)
06 00 00 00 03 93 00 05 30
=cut
=CONTINUE_DOWNLOAD_REPLY(chunk=41, data=1000b)
06 00 00 00 03 93 00 05 30
=cut
=CONTINUE_DOWNLOAD_REPLY(chunk=42, data=1000b)
06 00 00 00 03 93 00 05 30
=cut
=CONTINUE_DOWNLOAD_REPLY(chunk=43, data=1000b)
06 00 00 00 03 93 00 05 30
=cut
=CONTINUE_DOWNLOAD_REPLY(chunk=44, data=1000b)
06 00 00 00 03 93 00 05 30
=cut
=CONTINUE_DOWNLOAD_REPLY(chunk=45, data=1000b)
06 00 00 00 03 93 00 05 30
=cut
=CONTINUE_DOWNLOAD_REPLY(chunk=46, data=1000b)
06 00 00 00 03 93 00 05 30
=cut
=CONTINUE_DOWNLOAD_REPLY(chunk=47, data=1000b)
06 00 00 00 03 93 00 05 30
=cut
=CONTINUE_DOWNLOAD_REPLY(chunk=48, data=1000b)
06 00 00 00 03 93 00 05 30
=cut
=CONTINUE_DOWNLOAD_REPLY(chunk=49, data=1000b)
06 00 00 00 03 93 00 05 30
=cut
=CONTINUE_DOWNLOAD_REPLY(chunk=50, data=1000b)
06 00 00 00 03 93 00 05 30
=cut
=CONTINUE_DOWNLOAD_REPLY(chunk=51, data=1000b)
06 00 00 00 03 93 00 05 30
=cut
=CONTINUE_DOWNLOAD_REPLY(chunk=52, data=1000b)
06 00 00 00 03 93 00 05 30
=cut
=CONTINUE_DOWNLOAD_REPLY(chunk=53, data=1000b)
06 00 00 00 03 93 00 05 30
=cut
=CONTINUE_DOWNLOAD_REPLY(chunk=54, data=1000b)
06 00 00 00 03 93 00 05 30
=cut
=CONTINUE_DOWNLOAD_REPLY(chunk=55, data=1000b)
06 00 00 00 03 93 00 05 30
=cut
=CONTINUE_DOWNLOAD_REPLY(chunk=56, data=1000b)
06 00 00 00 03 93 00 05 30
=cut
=CONTINUE_DOWNLOAD_REPLY(chunk=57, data=1000b)
06 00 00 00 03 93 00 05 30
=cut
=CONTINUE_DOWNLOAD_REPLY(chunk=58, data=1000b)
06 00 00 00 03 93 00 05 30
=cut
=CONTINUE_DOWNLOAD_REPLY(chunk=59, data=1000b)
06 00 00 00 03 93 00 05 30
=cut
=CONTINUE_DOWNLOAD_REPLY(chunk=60, data=1000b)
06 00 00 00 03 93 00 05 30
=cut
=CONTINUE_DOWNLOAD_REPLY(chunk=61, data=1000b)
06 00 00 00 03 93 00 05 30
=cut
=CONTINUE_DOWNLOAD_REPLY(chunk=62, data=1000b)
06 00 00 00 03 93 00 05 30
=cut
=CONTINUE_DOWNLOAD_REPLY(chunk=63, data=1000b)
06 00 00 00 03 93 00 05 30
=cut
=CONTINUE_DOWNLOAD_REPLY(chunk=64, data=1000b)
06 00 00 00 03 93 00 05 30
=cut
=CONTINUE_DOWNLOAD_REPLY(chunk=65, data=1000b)
06 00 00 00 03 93 00 05 30
=cut
=CONTINUE_DOWNLOAD_REPLY(chunk=66, data=1000b)
06 00 00 00 03 93 00 05 30
=cut
=CONTINUE_DOWNLOAD_REPLY(chunk=67, data=192b)
06 00 00 00 03 93 08 05 30
=cut
Transfer has been successful! (ret=8)

C:\Users\a3f\Documents\GitHub\ev3_cp>ev3_cp Test_Sensor2 ../prjs/SD_Card/Test_Se
nsor2